app/build/intermediates/manifest_merge_blame_file/release/manifest-merger-blame-release-report.txt
1<?xml version="1.0" encoding="utf-8"?>
2<manifest xmlns:android="http://schemas.android.com/apk/res/android"
3    package="com.codepath.apps.restclienttemplate"
4    android:versionCode="1"
5    android:versionName="1.0" >
6
7    <uses-sdk
8        android:minSdkVersion="21"
8-->src/main/AndroidManifest.xml
9        android:targetSdkVersion="28" />
9-->src/main/AndroidManifest.xml
10
11    <uses-permission android:name="android.permission.INTERNET" />
11-->src/main/AndroidManifest.xml:7:5-67
11-->src/main/AndroidManifest.xml:7:22-64
12    <uses-permission android:name="android.permission.WRITE_EXTERNAL_STORAGE" />
12-->src/main/AndroidManifest.xml:8:5-81
12-->src/main/AndroidManifest.xml:8:22-78
13
14    <application
14-->src/main/AndroidManifest.xml:10:5-37:19
15        android:name="com.codepath.apps.restclienttemplate.TwitterApp"
15-->src/main/AndroidManifest.xml:11:9-35
16        android:allowBackup="true"
16-->src/main/AndroidManifest.xml:12:9-35
17        android:appComponentFactory="androidx.core.app.CoreComponentFactory"
17-->[androidx.core:core:1.1.0] AndroidManifest.xml:24:18-86
18        android:icon="@drawable/twitter"
18-->src/main/AndroidManifest.xml:13:9-41
19        android:label="@string/app_name"
19-->src/main/AndroidManifest.xml:14:9-41
20        android:theme="@style/AppTheme" >
20-->src/main/AndroidManifest.xml:15:9-40
21        <activity android:name="com.codepath.apps.restclienttemplate.TimelineActivity" />
21-->src/main/AndroidManifest.xml:16:9-63
21-->src/main/AndroidManifest.xml:16:19-51
22        <activity
22-->src/main/AndroidManifest.xml:17:9-36:20
23            android:name="com.codepath.apps.restclienttemplate.LoginActivity"
23-->src/main/AndroidManifest.xml:18:13-42
24            android:label="@string/app_name"
24-->src/main/AndroidManifest.xml:19:13-45
25            android:theme="@style/AppTheme" >
25-->src/main/AndroidManifest.xml:20:13-44
26            <intent-filter>
26-->src/main/AndroidManifest.xml:21:13-25:29
27                <action android:name="android.intent.action.MAIN" />
27-->src/main/AndroidManifest.xml:22:17-69
27-->src/main/AndroidManifest.xml:22:25-66
28
29                <category android:name="android.intent.category.LAUNCHER" />
29-->src/main/AndroidManifest.xml:24:17-77
29-->src/main/AndroidManifest.xml:24:27-74
30            </intent-filter>
31            <intent-filter>
31-->src/main/AndroidManifest.xml:26:13-35:29
32                <action android:name="android.intent.action.VIEW" />
32-->src/main/AndroidManifest.xml:27:17-69
32-->src/main/AndroidManifest.xml:27:25-66
33
34                <category android:name="android.intent.category.DEFAULT" />
34-->src/main/AndroidManifest.xml:29:17-76
34-->src/main/AndroidManifest.xml:29:27-73
35                <category android:name="android.intent.category.BROWSABLE" />
35-->src/main/AndroidManifest.xml:30:17-78
35-->src/main/AndroidManifest.xml:30:27-75
36
37                <data
37-->src/main/AndroidManifest.xml:32:17-34:62
38                    android:host="@string/intent_host"
38-->src/main/AndroidManifest.xml:33:21-55
39                    android:scheme="@string/intent_scheme" />
39-->src/main/AndroidManifest.xml:34:21-59
40            </intent-filter>
41        </activity>
42
43        <service
43-->[androidx.room:room-runtime:2.2.5] AndroidManifest.xml:25:9-28:40
44            android:name="androidx.room.MultiInstanceInvalidationService"
44-->[androidx.room:room-runtime:2.2.5] AndroidManifest.xml:26:13-74
45            android:directBootAware="true"
45-->[androidx.room:room-runtime:2.2.5] AndroidManifest.xml:27:13-43
46            android:exported="false" />
46-->[androidx.room:room-runtime:2.2.5] AndroidManifest.xml:28:13-37
47    </application>
48
49</manifest>